-------------------------------------------------------------------------------
|| Command used to check performance.                                        ||
-------------------------------------------------------------------------------
postgres=# EXPLAIN ANALYZE
SELECT (i1_4, i5_8, i9, fav)
FROM  images
WHERE id = 777777;

-------------------------------------------------------------------------------
|| Result of query.                                                           ||
-------------------------------------------------------------------------------
             row
-----------------------------
 (9904897217708112,3990,0,f)
(1 row)


-------------------------------------------------------------------------------
|| ANALYZE output from postgres.                                             ||
-------------------------------------------------------------------------------
 Index Scan using pk_images on images  (cost=0.43..8.45 rows=1 width=32) (actual time=0.016..0.017 rows=1 loops=1)
   Index Cond: (id = 777777)
 Planning Time: 0.051 ms
 Execution Time: 0.030 ms
(4 rows)

EOF
